Started building sites ...
Built site for language en:
0 draft content
0 future content
0 expired content
4 regular pages created
2 other pages created
0 non-page files copied
2 paginator pages created
0 tags created
0 categories created
total in 8 ms
Watching for changes in /Users/murali/Desktop/blog/cloudnativelabs.github.io/{data,content,layouts,static,themes}
Serving pages from memory
Web Server is available at http://localhost:1313/ (bind address 127.0.0.1)
Press Ctrl+C to stop

Change detected, rebuilding site
2017-05-11 12:40 +0530
Source changed /Users/murali/Desktop/blog/cloudnativelabs.github.io/content/post/2017-05-10-kube-network-service-proxy.md
Built site for language en:
0 draft content
0 future content
0 expired content
4 regular pages created
2 other pages created
0 non-page files copied
2 paginator pages created
0 tags created
0 categories created
total in 7 ms

Change detected, rebuilding site
2017-05-11 13:51 +0530
Source changed /Users/murali/Desktop/blog/cloudnativelabs.github.io/content/post/2017-05-10-kube-network-service-proxy.md
Built site for language en:
0 draft content
0 future content
0 expired content
4 regular pages created
2 other pages created
0 non-page files copied
2 paginator pages created
0 tags created
0 categories created
total in 6 ms

Change detected, rebuilding site
2017-05-11 14:01 +0530
Source changed /Users/murali/Desktop/blog/cloudnativelabs.github.io/content/post/2017-05-10-kube-network-service-proxy.md
Built site for language en:
0 draft content
0 future content
0 expired content
4 regular pages created
2 other pages created
0 non-page files copied
2 paginator pages created
0 tags created
0 categories created
total in 6 ms

Change detected, rebuilding site
2017-05-11 14:03 +0530
Source changed /Users/murali/Desktop/blog/cloudnativelabs.github.io/content/post/2017-05-10-kube-network-service-proxy.md
Built site for language en:
0 draft content
0 future content
0 expired content
4 regular pages created
2 other pages created
0 non-page files copied
2 paginator pages created
0 tags created
0 categories created
total in 7 ms

Change detected, rebuilding site
2017-05-11 14:03 +0530
Source changed /Users/murali/Desktop/blog/cloudnativelabs.github.io/content/post/2017-05-10-kube-network-service-proxy.md
Built site for language en:
0 draft content
0 future content
0 expired content
4 regular pages created
2 other pages created
0 non-page files copied
2 paginator pages created
0 tags created
0 categories created
total in 8 ms

Change detected, rebuilding site
2017-05-11 14:07 +0530
Source changed /Users/murali/Desktop/blog/cloudnativelabs.github.io/content/post/2017-05-10-kube-network-service-proxy.md
Built site for language en:
0 draft content
0 future content
0 expired content
4 regular pages created
2 other pages created
0 non-page files copied
2 paginator pages created
0 tags created
0 categories created
total in 7 ms

Change detected, rebuilding site
2017-05-11 14:09 +0530
Source changed /Users/murali/Desktop/blog/cloudnativelabs.github.io/content/post/2017-05-10-kube-network-service-proxy.md
Built site for language en:
0 draft content
0 future content
0 expired content
4 regular pages created
2 other pages created
0 non-page files copied
2 paginator pages created
0 tags created
0 categories created
total in 6 ms

Change detected, rebuilding site
2017-05-11 14:14 +0530
Source changed /Users/murali/Desktop/blog/cloudnativelabs.github.io/content/post/2017-05-10-kube-network-service-proxy.md
Built site for language en:
0 draft content
0 future content
0 expired content
4 regular pages created
2 other pages created
0 non-page files copied
2 paginator pages created
0 tags created
0 categories created
total in 6 ms

Change detected, rebuilding site
2017-05-11 14:54 +0530
Source changed /Users/murali/Desktop/blog/cloudnativelabs.github.io/content/post/2017-05-10-kube-network-service-proxy.md
Built site for language en:
0 draft content
0 future content
0 expired content
4 regular pages created
2 other pages created
0 non-page files copied
2 paginator pages created
0 categories created
0 tags created
total in 7 ms

Change detected, rebuilding site
2017-05-11 15:51 +0530
Source changed /Users/murali/Desktop/blog/cloudnativelabs.github.io/content/post/2017-05-10-kube-network-service-proxy.md
Built site for language en:
0 draft content
0 future content
0 expired content
4 regular pages created
2 other pages created
0 non-page files copied
2 paginator pages created
0 categories created
0 tags created
total in 6 ms

Change detected, rebuilding site
2017-05-11 15:52 +0530
Source changed /Users/murali/Desktop/blog/cloudnativelabs.github.io/content/post/2017-05-10-kube-network-service-proxy.md
Built site for language en:
0 draft content
0 future content
0 expired content
4 regular pages created
2 other pages created
0 non-page files copied
2 paginator pages created
0 tags created
0 categories created
total in 6 ms

Change detected, rebuilding site
2017-05-11 15:55 +0530
Source changed /Users/murali/Desktop/blog/cloudnativelabs.github.io/content/post/2017-05-10-kube-network-service-proxy.md
Built site for language en:
0 draft content
0 future content
0 expired content
4 regular pages created
2 other pages created
0 non-page files copied
2 paginator pages created
0 tags created
0 categories created
total in 6 ms

Change detected, rebuilding site
2017-05-11 22:27 +0530
Source changed /Users/murali/Desktop/blog/cloudnativelabs.github.io/content/post/2017-05-10-kube-network-service-proxy.md
Built site for language en:
0 draft content
0 future content
0 expired content
4 regular pages created
2 other pages created
0 non-page files copied
2 paginator pages created
0 tags created
0 categories created
total in 34 ms

Change detected, rebuilding site
2017-05-11 22:42 +0530
Source changed /Users/murali/Desktop/blog/cloudnativelabs.github.io/content/post/2017-05-10-kube-network-service-proxy.md
Built site for language en:
0 draft content
0 future content
0 expired content
4 regular pages created
2 other pages created
0 non-page files copied
2 paginator pages created
0 tags created
0 categories created
total in 6 ms

Change detected, rebuilding site
2017-05-11 22:49 +0530
Source changed /Users/murali/Desktop/blog/cloudnativelabs.github.io/content/post/2017-05-10-kube-network-service-proxy.md
Built site for language en:
0 draft content
0 future content
0 expired content
4 regular pages created
2 other pages created
0 non-page files copied
2 paginator pages created
0 tags created
0 categories created
total in 9 ms

Change detected, rebuilding site
2017-05-11 22:49 +0530
Source changed /Users/murali/Desktop/blog/cloudnativelabs.github.io/content/post/2017-05-10-kube-network-service-proxy.md
Built site for language en:
0 draft content
0 future content
0 expired content
4 regular pages created
2 other pages created
0 non-page files copied
2 paginator pages created
0 tags created
0 categories created
total in 8 ms

Change detected, rebuilding site
2017-05-11 23:49 +0530
Source changed /Users/murali/Desktop/blog/cloudnativelabs.github.io/content/post/2017-05-10-kube-network-service-proxy.md
Built site for language en:
0 draft content
0 future content
0 expired content
4 regular pages created
2 other pages created
0 non-page files copied
2 paginator pages created
0 tags created
0 categories created
total in 4 ms

Change detected, rebuilding site
2017-05-11 23:56 +0530
Source changed /Users/murali/Desktop/blog/cloudnativelabs.github.io/content/post/2017-05-10-kube-network-service-proxy.md
Built site for language en:
0 draft content
0 future content
0 expired content
4 regular pages created
2 other pages created
0 non-page files copied
2 paginator pages created
0 tags created
0 categories created
total in 6 ms

Change detected, rebuilding site
2017-05-12 00:06 +0530
Source changed /Users/murali/Desktop/blog/cloudnativelabs.github.io/content/post/2017-05-10-kube-network-service-proxy.md
Built site for language en:
0 draft content
0 future content
0 expired content
4 regular pages created
2 other pages created
0 non-page files copied
2 paginator pages created
0 tags created
0 categories created
total in 7 ms

Change detected, rebuilding site
2017-05-12 01:05 +0530
Source changed /Users/murali/Desktop/blog/cloudnativelabs.github.io/content/post/2017-05-10-kube-network-service-proxy.md
Built site for language en:
0 draft content
0 future content
0 expired content
4 regular pages created
2 other pages created
0 non-page files copied
2 paginator pages created
0 categories created
0 tags created
total in 7 ms

Change detected, rebuilding site
2017-05-12 01:46 +0530
Source changed /Users/murali/Desktop/blog/cloudnativelabs.github.io/content/post/2017-05-10-kube-network-service-proxy.md
Built site for language en:
0 draft content
0 future content
0 expired content
4 regular pages created
2 other pages created
0 non-page files copied
2 paginator pages created
0 tags created
0 categories created
total in 7 ms

Change detected, rebuilding site
2017-05-12 02:21 +0530
Source changed /Users/murali/Desktop/blog/cloudnativelabs.github.io/content/post/2017-05-10-kube-network-service-proxy.md
Built site for language en:
0 draft content
0 future content
0 expired content
4 regular pages created
2 other pages created
0 non-page files copied
2 paginator pages created
0 tags created
0 categories created
total in 9 ms

Change detected, rebuilding site
2017-05-12 02:21 +0530
Source changed /Users/murali/Desktop/blog/cloudnativelabs.github.io/content/post/2017-05-10-kube-network-service-proxy.md
Built site for language en:
0 draft content
0 future content
0 expired content
4 regular pages created
2 other pages created
0 non-page files copied
2 paginator pages created
0 tags created
0 categories created
total in 7 ms

Change detected, rebuilding site
2017-05-12 09:34 +0530
Source changed /Users/murali/Desktop/blog/cloudnativelabs.github.io/content/post/2017-05-10-kube-network-service-proxy.md
Built site for language en:
0 draft content
0 future content
0 expired content
4 regular pages created
2 other pages created
0 non-page files copied
2 paginator pages created
0 tags created
0 categories created
total in 34 ms

Change detected, rebuilding site
2017-05-12 09:42 +0530
Source changed /Users/murali/Desktop/blog/cloudnativelabs.github.io/content/post/2017-05-10-kube-network-service-proxy.md
Built site for language en:
0 draft content
0 future content
0 expired content
4 regular pages created
2 other pages created
0 non-page files copied
2 paginator pages created
0 tags created
0 categories created
total in 6 ms

Change detected, rebuilding site
2017-05-12 11:57 +0530
Source changed /Users/murali/Desktop/blog/cloudnativelabs.github.io/content/post/2017-05-10-kube-network-service-proxy.md
Built site for language en:
0 draft content
0 future content
0 expired content
4 regular pages created
2 other pages created
0 non-page files copied
2 paginator pages created
0 tags created
0 categories created
total in 5 ms

Change detected, rebuilding site
2017-05-12 11:57 +0530
Source changed /Users/murali/Desktop/blog/cloudnativelabs.github.io/content/post/2017-05-10-kube-network-service-proxy.md
Built site for language en:
0 draft content
0 future content
0 expired content
4 regular pages created
2 other pages created
0 non-page files copied
2 paginator pages created
0 tags created
0 categories created
total in 9 ms

Change detected, rebuilding site
2017-05-12 11:58 +0530
Source changed /Users/murali/Desktop/blog/cloudnativelabs.github.io/content/post/2017-05-10-kube-network-service-proxy.md
Built site for language en:
0 draft content
0 future content
0 expired content
4 regular pages created
2 other pages created
0 non-page files copied
2 paginator pages created
0 tags created
0 categories created
total in 6 ms

Change detected, rebuilding site
2017-05-12 12:21 +0530
Source changed /Users/murali/Desktop/blog/cloudnativelabs.github.io/content/post/2017-05-10-kube-network-service-proxy.md
Built site for language en:
0 draft content
0 future content
0 expired content
4 regular pages created
2 other pages created
0 non-page files copied
2 paginator pages created
0 tags created
0 categories created
total in 7 ms

Change detected, rebuilding site
2017-05-13 03:00 +0530
Source changed /Users/murali/Desktop/blog/cloudnativelabs.github.io/content/post/2017-05-10-kube-network-service-proxy.md
Built site for language en:
0 draft content
0 future content
0 expired content
4 regular pages created
2 other pages created
0 non-page files copied
2 paginator pages created
0 tags created
0 categories created
total in 6 ms

Change detected, rebuilding site
2017-05-13 03:15 +0530
Source changed /Users/murali/Desktop/blog/cloudnativelabs.github.io/content/post/2017-05-10-kube-network-service-proxy.md
Built site for language en:
0 draft content
0 future content
0 expired content
4 regular pages created
2 other pages created
0 non-page files copied
2 paginator pages created
0 tags created
0 categories created
total in 7 ms

Change detected, rebuilding site
2017-05-13 03:15 +0530
Source changed /Users/murali/Desktop/blog/cloudnativelabs.github.io/content/post/2017-05-10-kube-network-service-proxy.md
Built site for language en:
0 draft content
0 future content
0 expired content
4 regular pages created
2 other pages created
0 non-page files copied
2 paginator pages created
0 tags created
0 categories created
total in 11 ms

Change detected, rebuilding site
2017-05-13 03:19 +0530
Source changed /Users/murali/Desktop/blog/cloudnativelabs.github.io/content/post/2017-05-10-kube-network-service-proxy.md
Built site for language en:
0 draft content
0 future content
0 expired content
4 regular pages created
2 other pages created
0 non-page files copied
2 paginator pages created
0 tags created
0 categories created
total in 7 ms

Change detected, rebuilding site
2017-05-13 03:22 +0530
Source changed /Users/murali/Desktop/blog/cloudnativelabs.github.io/content/post/2017-05-10-kube-network-service-proxy.md
Built site for language en:
0 draft content
0 future content
0 expired content
4 regular pages created
2 other pages created
0 non-page files copied
2 paginator pages created
0 tags created
0 categories created
total in 6 ms

Change detected, rebuilding site
2017-05-13 03:25 +0530
Source changed /Users/murali/Desktop/blog/cloudnativelabs.github.io/content/post/2017-05-10-kube-network-service-proxy.md
Built site for language en:
0 draft content
0 future content
0 expired content
4 regular pages created
2 other pages created
0 non-page files copied
2 paginator pages created
0 tags created
0 categories created
total in 7 ms

Change detected, rebuilding site
2017-05-13 03:29 +0530
Source changed /Users/murali/Desktop/blog/cloudnativelabs.github.io/content/post/2017-05-10-kube-network-service-proxy.md
Built site for language en:
0 draft content
0 future content
0 expired content
4 regular pages created
2 other pages created
0 non-page files copied
2 paginator pages created
0 categories created
0 tags created
total in 8 ms

Change detected, rebuilding site
2017-05-13 03:29 +0530
Source changed /Users/murali/Desktop/blog/cloudnativelabs.github.io/content/post/2017-05-10-kube-network-service-proxy.md
Built site for language en:
0 draft content
0 future content
0 expired content
4 regular pages created
2 other pages created
0 non-page files copied
2 paginator pages created
0 tags created
0 categories created
total in 10 ms

Change detected, rebuilding site
2017-05-13 03:35 +0530
Source changed /Users/murali/Desktop/blog/cloudnativelabs.github.io/content/post/2017-05-10-kube-network-service-proxy.md
Built site for language en:
0 draft content
0 future content
0 expired content
4 regular pages created
2 other pages created
0 non-page files copied
2 paginator pages created
0 categories created
0 tags created
total in 7 ms

Change detected, rebuilding site
2017-05-13 03:36 +0530
Source changed /Users/murali/Desktop/blog/cloudnativelabs.github.io/content/post/2017-05-10-kube-network-service-proxy.md
Built site for language en:
0 draft content
0 future content
0 expired content
4 regular pages created
2 other pages created
0 non-page files copied
2 paginator pages created
0 tags created
0 categories created
total in 7 ms

Change detected, rebuilding site
2017-05-13 03:38 +0530
Source changed /Users/murali/Desktop/blog/cloudnativelabs.github.io/content/post/2017-05-10-kube-network-service-proxy.md
Built site for language en:
0 draft content
0 future content
0 expired content
4 regular pages created
2 other pages created
0 non-page files copied
2 paginator pages created
0 tags created
0 categories created
total in 4 ms

Change detected, rebuilding site
2017-05-13 03:40 +0530
Source changed /Users/murali/Desktop/blog/cloudnativelabs.github.io/content/post/2017-05-10-kube-network-service-proxy.md
Built site for language en:
0 draft content
0 future content
0 expired content
4 regular pages created
2 other pages created
0 non-page files copied
2 paginator pages created
0 tags created
0 categories created
total in 7 ms

Change detected, rebuilding site
2017-05-13 03:40 +0530
Source changed /Users/murali/Desktop/blog/cloudnativelabs.github.io/content/post/2017-05-10-kube-network-service-proxy.md
Built site for language en:
0 draft content
0 future content
0 expired content
4 regular pages created
2 other pages created
0 non-page files copied
2 paginator pages created
0 tags created
0 categories created
total in 9 ms

Change detected, rebuilding site
2017-05-13 03:41 +0530
Source changed /Users/murali/Desktop/blog/cloudnativelabs.github.io/content/post/2017-05-10-kube-network-service-proxy.md
Built site for language en:
0 draft content
0 future content
0 expired content
4 regular pages created
2 other pages created
0 non-page files copied
2 paginator pages created
0 tags created
0 categories created
total in 9 ms

Change detected, rebuilding site
2017-05-13 03:41 +0530
Source changed /Users/murali/Desktop/blog/cloudnativelabs.github.io/content/post/2017-05-10-kube-network-service-proxy.md
Built site for language en:
0 draft content
0 future content
0 expired content
4 regular pages created
2 other pages created
0 non-page files copied
2 paginator pages created
0 categories created
0 tags created
total in 9 ms

Change detected, rebuilding site
2017-05-13 03:46 +0530
Source changed /Users/murali/Desktop/blog/cloudnativelabs.github.io/content/post/2017-05-10-kube-network-service-proxy.md
Built site for language en:
0 draft content
0 future content
0 expired content
4 regular pages created
2 other pages created
0 non-page files copied
2 paginator pages created
0 tags created
0 categories created
total in 6 ms

Change detected, rebuilding site
2017-05-13 03:47 +0530
Source changed /Users/murali/Desktop/blog/cloudnativelabs.github.io/content/post/2017-05-10-kube-network-service-proxy.md
Built site for language en:
0 draft content
0 future content
0 expired content
4 regular pages created
2 other pages created
0 non-page files copied
2 paginator pages created
0 categories created
0 tags created
total in 9 ms

Change detected, rebuilding site
2017-05-13 03:48 +0530
Source changed /Users/murali/Desktop/blog/cloudnativelabs.github.io/content/post/2017-05-10-kube-network-service-proxy.md
Built site for language en:
0 draft content
0 future content
0 expired content
4 regular pages created
2 other pages created
0 non-page files copied
2 paginator pages created
0 categories created
0 tags created
total in 8 ms

Change detected, rebuilding site
2017-05-13 03:50 +0530
Source changed /Users/murali/Desktop/blog/cloudnativelabs.github.io/content/post/2017-05-10-kube-network-service-proxy.md
Built site for language en:
0 draft content
0 future content
0 expired content
4 regular pages created
2 other pages created
0 non-page files copied
2 paginator pages created
0 tags created
0 categories created
total in 6 ms

Change detected, rebuilding site
2017-05-13 03:51 +0530
Source changed /Users/murali/Desktop/blog/cloudnativelabs.github.io/content/post/2017-05-10-kube-network-service-proxy.md
Built site for language en:
0 draft content
0 future content
0 expired content
4 regular pages created
2 other pages created
0 non-page files copied
2 paginator pages created
0 tags created
0 categories created
total in 9 ms

Change detected, rebuilding site
2017-05-13 03:53 +0530
Source changed /Users/murali/Desktop/blog/cloudnativelabs.github.io/content/post/2017-05-10-kube-network-service-proxy.md
Built site for language en:
0 draft content
0 future content
0 expired content
4 regular pages created
2 other pages created
0 non-page files copied
2 paginator pages created
0 categories created
0 tags created
total in 5 ms

Change detected, rebuilding site
2017-05-13 03:54 +0530
Source changed /Users/murali/Desktop/blog/cloudnativelabs.github.io/content/post/2017-05-10-kube-network-service-proxy.md
Built site for language en:
0 draft content
0 future content
0 expired content
4 regular pages created
2 other pages created
0 non-page files copied
2 paginator pages created
0 tags created
0 categories created
total in 7 ms

Change detected, rebuilding site
2017-05-13 04:01 +0530
Source changed /Users/murali/Desktop/blog/cloudnativelabs.github.io/content/post/2017-05-10-kube-network-service-proxy.md
Built site for language en:
0 draft content
0 future content
0 expired content
4 regular pages created
2 other pages created
0 non-page files copied
2 paginator pages created
0 tags created
0 categories created
total in 9 ms

Change detected, rebuilding site
2017-05-13 04:03 +0530
Source changed /Users/murali/Desktop/blog/cloudnativelabs.github.io/content/post/2017-05-10-kube-network-service-proxy.md
Built site for language en:
0 draft content
0 future content
0 expired content
4 regular pages created
2 other pages created
0 non-page files copied
2 paginator pages created
0 tags created
0 categories created
total in 6 ms

Change detected, rebuilding site
2017-05-13 04:04 +0530
Source changed /Users/murali/Desktop/blog/cloudnativelabs.github.io/content/post/2017-05-10-kube-network-service-proxy.md
Built site for language en:
0 draft content
0 future content
0 expired content
4 regular pages created
2 other pages created
0 non-page files copied
2 paginator pages created
0 tags created
0 categories created
total in 9 ms

Change detected, rebuilding site
2017-05-13 04:12 +0530
Source changed /Users/murali/Desktop/blog/cloudnativelabs.github.io/content/post/2017-05-10-kube-network-service-proxy.md
Built site for language en:
0 draft content
0 future content
0 expired content
4 regular pages created
2 other pages created
0 non-page files copied
2 paginator pages created
0 tags created
0 categories created
total in 9 ms

Change detected, rebuilding site
2017-05-13 04:13 +0530
Source changed /Users/murali/Desktop/blog/cloudnativelabs.github.io/content/post/2017-05-10-kube-network-service-proxy.md
Built site for language en:
0 draft content
0 future content
0 expired content
4 regular pages created
2 other pages created
0 non-page files copied
2 paginator pages created
0 categories created
0 tags created
total in 11 ms

Change detected, rebuilding site
2017-05-13 04:15 +0530
Source changed /Users/murali/Desktop/blog/cloudnativelabs.github.io/content/post/2017-05-10-kube-network-service-proxy.md
Built site for language en:
0 draft content
0 future content
0 expired content
4 regular pages created
2 other pages created
0 non-page files copied
2 paginator pages created
0 tags created
0 categories created
total in 7 ms

Change detected, rebuilding site
2017-05-13 04:26 +0530
Source changed /Users/murali/Desktop/blog/cloudnativelabs.github.io/content/post/2017-05-10-kube-network-service-proxy.md
Built site for language en:
0 draft content
0 future content
0 expired content
4 regular pages created
2 other pages created
0 non-page files copied
2 paginator pages created
0 tags created
0 categories created
total in 5 ms

Change detected, rebuilding site
2017-05-13 04:27 +0530
Source changed /Users/murali/Desktop/blog/cloudnativelabs.github.io/content/post/2017-05-10-kube-network-service-proxy.md
Built site for language en:
0 draft content
0 future content
0 expired content
4 regular pages created
2 other pages created
0 non-page files copied
2 paginator pages created
0 tags created
0 categories created
total in 7 ms

Change detected, rebuilding site
2017-05-13 04:29 +0530
Source changed /Users/murali/Desktop/blog/cloudnativelabs.github.io/content/post/2017-05-10-kube-network-service-proxy.md
Built site for language en:
0 draft content
0 future content
0 expired content
4 regular pages created
2 other pages created
0 non-page files copied
2 paginator pages created
0 tags created
0 categories created
total in 6 ms

Change detected, rebuilding site
2017-05-13 04:36 +0530
Source changed /Users/murali/Desktop/blog/cloudnativelabs.github.io/content/post/2017-05-10-kube-network-service-proxy.md
Built site for language en:
0 draft content
0 future content
0 expired content
4 regular pages created
2 other pages created
0 non-page files copied
2 paginator pages created
0 tags created
0 categories created
total in 5 ms

Change detected, rebuilding site
2017-05-13 04:40 +0530
Source changed /Users/murali/Desktop/blog/cloudnativelabs.github.io/content/post/2017-05-10-kube-network-service-proxy.md
Built site for language en:
0 draft content
0 future content
0 expired content
4 regular pages created
2 other pages created
0 non-page files copied
2 paginator pages created
0 tags created
0 categories created
total in 7 ms

Change detected, rebuilding site
2017-05-13 04:49 +0530
Source changed /Users/murali/Desktop/blog/cloudnativelabs.github.io/content/post/2017-05-10-kube-network-service-proxy.md
Built site for language en:
0 draft content
0 future content
0 expired content
4 regular pages created
2 other pages created
0 non-page files copied
2 paginator pages created
0 tags created
0 categories created
total in 7 ms

Change detected, rebuilding site
2017-05-13 04:56 +0530
Source changed /Users/murali/Desktop/blog/cloudnativelabs.github.io/content/post/2017-05-10-kube-network-service-proxy.md
Built site for language en:
0 draft content
0 future content
0 expired content
4 regular pages created
2 other pages created
0 non-page files copied
2 paginator pages created
0 categories created
0 tags created
total in 5 ms

Change detected, rebuilding site
2017-05-13 05:00 +0530
Source changed /Users/murali/Desktop/blog/cloudnativelabs.github.io/content/post/2017-05-10-kube-network-service-proxy.md
Built site for language en:
0 draft content
0 future content
0 expired content
4 regular pages created
2 other pages created
0 non-page files copied
2 paginator pages created
0 tags created
0 categories created
total in 5 ms

Change detected, rebuilding site
2017-05-13 05:00 +0530
Source changed /Users/murali/Desktop/blog/cloudnativelabs.github.io/content/post/2017-05-10-kube-network-service-proxy.md
Built site for language en:
0 draft content
0 future content
0 expired content
4 regular pages created
2 other pages created
0 non-page files copied
2 paginator pages created
0 tags created
0 categories created
total in 6 ms

Change detected, rebuilding site
2017-05-13 05:06 +0530
Source changed /Users/murali/Desktop/blog/cloudnativelabs.github.io/content/post/2017-05-10-kube-network-service-proxy.md
Built site for language en:
0 draft content
0 future content
0 expired content
4 regular pages created
2 other pages created
0 non-page files copied
2 paginator pages created
0 tags created
0 categories created
total in 8 ms

Change detected, rebuilding site
2017-05-13 05:06 +0530
Source changed /Users/murali/Desktop/blog/cloudnativelabs.github.io/content/post/2017-05-10-kube-network-service-proxy.md
Built site for language en:
0 draft content
0 future content
0 expired content
4 regular pages created
2 other pages created
0 non-page files copied
2 paginator pages created
0 categories created
0 tags created
total in 10 ms

Change detected, rebuilding site
2017-05-13 05:19 +0530
Source changed /Users/murali/Desktop/blog/cloudnativelabs.github.io/content/post/2017-05-10-kube-network-service-proxy.md
Built site for language en:
0 draft content
0 future content
0 expired content
4 regular pages created
2 other pages created
0 non-page files copied
2 paginator pages created
0 tags created
0 categories created
total in 7 ms

Change detected, rebuilding site
2017-05-13 05:23 +0530
Source changed /Users/murali/Desktop/blog/cloudnativelabs.github.io/content/post/2017-05-10-kube-network-service-proxy.md
Built site for language en:
0 draft content
0 future content
0 expired content
4 regular pages created
2 other pages created
0 non-page files copied
2 paginator pages created
0 tags created
0 categories created
total in 8 ms

Change detected, rebuilding site
2017-05-13 05:31 +0530
Source changed /Users/murali/Desktop/blog/cloudnativelabs.github.io/content/post/2017-05-10-kube-network-service-proxy.md
Built site for language en:
0 draft content
0 future content
0 expired content
4 regular pages created
2 other pages created
0 non-page files copied
2 paginator pages created
0 tags created
0 categories created
total in 7 ms

Change detected, rebuilding site
2017-05-13 05:32 +0530
Source changed /Users/murali/Desktop/blog/cloudnativelabs.github.io/content/post/2017-05-10-kube-network-service-proxy.md
Built site for language en:
0 draft content
0 future content
0 expired content
4 regular pages created
2 other pages created
0 non-page files copied
2 paginator pages created
0 tags created
0 categories created
total in 8 ms

Change detected, rebuilding site
2017-05-13 05:32 +0530
Source changed /Users/murali/Desktop/blog/cloudnativelabs.github.io/content/post/2017-05-10-kube-network-service-proxy.md
Built site for language en:
0 draft content
0 future content
0 expired content
4 regular pages created
2 other pages created
0 non-page files copied
2 paginator pages created
0 categories created
0 tags created
total in 7 ms

Change detected, rebuilding site
2017-05-13 05:33 +0530
Source changed /Users/murali/Desktop/blog/cloudnativelabs.github.io/content/post/2017-05-10-kube-network-service-proxy.md
Built site for language en:
0 draft content
0 future content
0 expired content
4 regular pages created
2 other pages created
0 non-page files copied
2 paginator pages created
0 tags created
0 categories created
total in 9 ms

Change detected, rebuilding site
2017-05-13 05:33 +0530
Source changed /Users/murali/Desktop/blog/cloudnativelabs.github.io/content/post/2017-05-10-kube-network-service-proxy.md
Built site for language en:
0 draft content
0 future content
0 expired content
4 regular pages created
2 other pages created
0 non-page files copied
2 paginator pages created
0 tags created
0 categories created
total in 11 ms

Change detected, rebuilding site
2017-05-13 05:33 +0530
Source changed /Users/murali/Desktop/blog/cloudnativelabs.github.io/content/post/2017-05-10-kube-network-service-proxy.md
Built site for language en:
0 draft content
0 future content
0 expired content
4 regular pages created
2 other pages created
0 non-page files copied
2 paginator pages created
0 tags created
0 categories created
total in 6 ms

Change detected, rebuilding site
2017-05-13 05:34 +0530
Source changed /Users/murali/Desktop/blog/cloudnativelabs.github.io/content/post/2017-05-10-kube-network-service-proxy.md
Built site for language en:
0 draft content
0 future content
0 expired content
4 regular pages created
2 other pages created
0 non-page files copied
2 paginator pages created
0 tags created
0 categories created
total in 7 ms

Change detected, rebuilding site
2017-05-13 05:34 +0530
Source changed /Users/murali/Desktop/blog/cloudnativelabs.github.io/content/post/2017-05-10-kube-network-service-proxy.md
Built site for language en:
0 draft content
0 future content
0 expired content
4 regular pages created
2 other pages created
0 non-page files copied
2 paginator pages created
0 categories created
0 tags created
total in 7 ms

Change detected, rebuilding site
2017-05-13 05:35 +0530
Source changed /Users/murali/Desktop/blog/cloudnativelabs.github.io/content/post/2017-05-10-kube-network-service-proxy.md
Built site for language en:
0 draft content
0 future content
0 expired content
4 regular pages created
2 other pages created
0 non-page files copied
2 paginator pages created
0 tags created
0 categories created
total in 10 ms

Change detected, rebuilding site
2017-05-13 05:35 +0530
Source changed /Users/murali/Desktop/blog/cloudnativelabs.github.io/content/post/2017-05-10-kube-network-service-proxy.md
Built site for language en:
0 draft content
0 future content
0 expired content
4 regular pages created
2 other pages created
0 non-page files copied
2 paginator pages created
0 tags created
0 categories created
total in 7 ms

Change detected, rebuilding site
2017-05-13 05:35 +0530
Source changed /Users/murali/Desktop/blog/cloudnativelabs.github.io/content/post/2017-05-10-kube-network-service-proxy.md
Built site for language en:
0 draft content
0 future content
0 expired content
4 regular pages created
2 other pages created
0 non-page files copied
2 paginator pages created
0 tags created
0 categories created
total in 13 ms

Change detected, rebuilding site
2017-05-13 05:35 +0530
Source changed /Users/murali/Desktop/blog/cloudnativelabs.github.io/content/post/2017-05-10-kube-network-service-proxy.md
Built site for language en:
0 draft content
0 future content
0 expired content
4 regular pages created
2 other pages created
0 non-page files copied
2 paginator pages created
0 tags created
0 categories created
total in 7 ms
Config file changed: /Users/murali/Desktop/blog/cloudnativelabs.github.io/config.toml
Started building sites ...
Built site for language en:
0 draft content
0 future content
0 expired content
4 regular pages created
2 other pages created
0 non-page files copied
2 paginator pages created
0 tags created
0 categories created
total in 47 ms
Config file changed: /Users/murali/Desktop/blog/cloudnativelabs.github.io/config.toml
Started building sites ...
Built site for language en:
0 draft content
0 future content
0 expired content
4 regular pages created
2 other pages created
0 non-page files copied
2 paginator pages created
0 tags created
0 categories created
total in 22 ms

Change detected, rebuilding site
2017-05-13 13:09 +0530
Source changed /Users/murali/Desktop/blog/cloudnativelabs.github.io/content/post/2017-05-10-kube-network-service-proxy.md
Built site for language en:
0 draft content
0 future content
0 expired content
4 regular pages created
2 other pages created
0 non-page files copied
2 paginator pages created
0 tags created
0 categories created
total in 9 ms

Change detected, rebuilding site
2017-05-16 06:19 +0530
Source changed /Users/murali/Desktop/blog/cloudnativelabs.github.io/content/post/2017-05-1-kube-network-policies.md
Built site for language en:
0 draft content
0 future content
0 expired content
4 regular pages created
2 other pages created
0 non-page files copied
2 paginator pages created
0 tags created
0 categories created
total in 39 ms
Config file changed: /Users/murali/Desktop/blog/cloudnativelabs.github.io/config.toml
Started building sites ...
Built site for language en:
0 draft content
0 future content
0 expired content
4 regular pages created
2 other pages created
0 non-page files copied
2 paginator pages created
0 tags created
0 categories created
total in 27 ms

Change detected, rebuilding site
2017-05-17 03:15 +0530
Source changed /Users/murali/Desktop/blog/cloudnativelabs.github.io/content/post/2017-05-1-kube-network-policies.md
Built site for language en:
0 draft content
0 future content
0 expired content
4 regular pages created
2 other pages created
0 non-page files copied
2 paginator pages created
0 tags created
0 categories created
total in 8 ms

Change detected, rebuilding site
2017-05-17 03:18 +0530
Source changed /Users/murali/Desktop/blog/cloudnativelabs.github.io/content/post/2017-05-1-kube-network-policies.md
Built site for language en:
0 draft content
0 future content
0 expired content
4 regular pages created
2 other pages created
0 non-page files copied
2 paginator pages created
0 categories created
0 tags created
total in 8 ms

Change detected, rebuilding site
2017-05-17 03:18 +0530
Source changed /Users/murali/Desktop/blog/cloudnativelabs.github.io/content/post/2017-05-1-kube-network-policies.md
Built site for language en:
0 draft content
0 future content
0 expired content
4 regular pages created
2 other pages created
0 non-page files copied
2 paginator pages created
0 tags created
0 categories created
total in 6 ms

Change detected, rebuilding site
2017-05-17 03:20 +0530
Source changed /Users/murali/Desktop/blog/cloudnativelabs.github.io/content/post/2017-05-1-kube-network-policies.md
Built site for language en:
0 draft content
0 future content
0 expired content
4 regular pages created
2 other pages created
0 non-page files copied
2 paginator pages created
0 tags created
0 categories created
total in 10 ms

Change detected, rebuilding site
2017-05-17 03:21 +0530
Source changed /Users/murali/Desktop/blog/cloudnativelabs.github.io/content/post/2017-05-1-kube-network-policies.md
Built site for language en:
0 draft content
0 future content
0 expired content
4 regular pages created
2 other pages created
0 non-page files copied
2 paginator pages created
0 tags created
0 categories created
total in 10 ms
Started building sites ...
Built site for language en:
0 draft content
0 future content
0 expired content
5 regular pages created
2 other pages created
0 non-page files copied
2 paginator pages created
0 categories created
0 tags created
total in 12 ms
Watching for changes in /Users/murali/Desktop/blog/cloudnativelabs.github.io/{data,content,layouts,static,themes}
Serving pages from memory
Web Server is available at http://localhost:1313/ (bind address 127.0.0.1)
Press Ctrl+C to stop

Change detected, rebuilding site
2017-05-17 13:01 +0530
Source changed /Users/murali/Desktop/blog/cloudnativelabs.github.io/content/post/2017-05-17-kube-pod-networking.md
Built site for language en:
0 draft content
0 future content
0 expired content
5 regular pages created
2 other pages created
0 non-page files copied
2 paginator pages created
0 tags created
0 categories created
total in 8 ms

Change detected, rebuilding site
2017-05-17 13:01 +0530
Source changed /Users/murali/Desktop/blog/cloudnativelabs.github.io/content/post/2017-05-17-kube-pod-networking.md
Built site for language en:
0 draft content
0 future content
0 expired content
5 regular pages created
2 other pages created
0 non-page files copied
2 paginator pages created
0 tags created
0 categories created
total in 7 ms

Change detected, rebuilding site
2017-05-17 13:03 +0530
Source changed /Users/murali/Desktop/blog/cloudnativelabs.github.io/content/post/2017-05-17-kube-pod-networking.md
Built site for language en:
0 draft content
0 future content
0 expired content
5 regular pages created
2 other pages created
0 non-page files copied
2 paginator pages created
0 tags created
0 categories created
total in 8 ms

Change detected, rebuilding site
2017-05-17 13:03 +0530
Source changed /Users/murali/Desktop/blog/cloudnativelabs.github.io/content/post/2017-05-17-kube-pod-networking.md
Built site for language en:
0 draft content
0 future content
0 expired content
5 regular pages created
2 other pages created
0 non-page files copied
2 paginator pages created
0 tags created
0 categories created
total in 9 ms

Change detected, rebuilding site
2017-05-17 13:06 +0530
Source changed /Users/murali/Desktop/blog/cloudnativelabs.github.io/content/post/2017-05-17-kube-pod-networking.md
Built site for language en:
0 draft content
0 future content
0 expired content
5 regular pages created
2 other pages created
0 non-page files copied
2 paginator pages created
0 tags created
0 categories created
total in 7 ms

Change detected, rebuilding site
2017-05-18 08:32 +0530
Source changed /Users/murali/Desktop/blog/cloudnativelabs.github.io/content/post/2017-05-17-kube-pod-networking.md
Built site for language en:
0 draft content
0 future content
0 expired content
5 regular pages created
2 other pages created
0 non-page files copied
2 paginator pages created
0 tags created
0 categories created
total in 23 ms
Config file changed: /Users/murali/Desktop/blog/cloudnativelabs.github.io/config.toml
Started building sites ...
Built site for language en:
0 draft content
0 future content
0 expired content
5 regular pages created
2 other pages created
0 non-page files copied
2 paginator pages created
0 tags created
0 categories created
total in 38 ms
adding created directory to watchlist /Users/murali/Desktop/blog/cloudnativelabs.github.io/static/page

Static file changes detected
2017-05-19 21:57 +0530
Syncing /page to /

Static file changes detected
2017-05-19 21:57 +0530
Syncing /page/about.md to /
adding created directory to watchlist /Users/murali/Desktop/blog/cloudnativelabs.github.io/content/page

Change detected, rebuilding site
2017-05-19 21:58 +0530
Source changed /Users/murali/Desktop/blog/cloudnativelabs.github.io/content/page
Built site for language en:
0 draft content
0 future content
0 expired content
5 regular pages created
2 other pages created
1 non-page files copied
2 paginator pages created
0 tags created
0 categories created
total in 11 ms

Static file changes detected
2017-05-19 21:58 +0530
File no longer exists in static dir, removing /page/about.md
panic: runtime error: invalid memory address or nil pointer dereference
[signal SIGSEGV: segmentation violation code=0x1 addr=0x40 pc=0x13eabca]

goroutine 116 [running]:
github.com/spf13/hugo/vendor/github.com/spf13/afero/mem.RemoveFromMemDir(0xc42033a5a0, 0xc420f25500)
	/private/tmp/hugo-20170227-39762-14vq35b/hugo-0.19/src/github.com/spf13/hugo/vendor/github.com/spf13/afero/mem/dir.go:25 +0x2a
github.com/spf13/hugo/vendor/github.com/spf13/afero.(*MemMapFs).unRegisterWithParent(0xc4202f9e30, 0xc420bee5e0, 0xe, 0xe, 0xc420e6e0c0)
	/private/tmp/hugo-20170227-39762-14vq35b/hugo-0.19/src/github.com/spf13/hugo/vendor/github.com/spf13/afero/memmap.go:69 +0xaf
github.com/spf13/hugo/vendor/github.com/spf13/afero.(*MemMapFs).RemoveAll(0xc4202f9e30, 0xc420bee5e0, 0xe, 0x0, 0x0)
	/private/tmp/hugo-20170227-39762-14vq35b/hugo-0.19/src/github.com/spf13/hugo/vendor/github.com/spf13/afero/memmap.go:262 +0xbd
github.com/spf13/hugo/commands.(*commandeer).newWatcher.func1(0xc420d06200, 0xc420298840)
	/private/tmp/hugo-20170227-39762-14vq35b/hugo-0.19/src/github.com/spf13/hugo/commands/hugo.go:902 +0x2078
created by github.com/spf13/hugo/commands.(*commandeer).newWatcher
	/private/tmp/hugo-20170227-39762-14vq35b/hugo-0.19/src/github.com/spf13/hugo/commands/hugo.go:960 +0x152
Started building sites ...
Built site for language en:
0 draft content
0 future content
0 expired content
6 regular pages created
3 other pages created
0 non-page files copied
3 paginator pages created
0 tags created
0 categories created
total in 14 ms
Watching for changes in /Users/murali/Desktop/blog/cloudnativelabs.github.io/{data,content,layouts,static,themes}
Serving pages from memory
Web Server is available at http://localhost:1313/ (bind address 127.0.0.1)
Press Ctrl+C to stop
Config file changed: /Users/murali/Desktop/blog/cloudnativelabs.github.io/config.toml
Started building sites ...
Built site for language en:
0 draft content
0 future content
0 expired content
6 regular pages created
3 other pages created
0 non-page files copied
3 paginator pages created
0 categories created
0 tags created
total in 22 ms
Config file changed: /Users/murali/Desktop/blog/cloudnativelabs.github.io/config.toml
Started building sites ...
Built site for language en:
0 draft content
0 future content
0 expired content
6 regular pages created
3 other pages created
0 non-page files copied
3 paginator pages created
0 tags created
0 categories created
total in 24 ms
Config file changed: /Users/murali/Desktop/blog/cloudnativelabs.github.io/config.toml
Started building sites ...
Built site for language en:
0 draft content
0 future content
0 expired content
6 regular pages created
3 other pages created
0 non-page files copied
3 paginator pages created
0 tags created
0 categories created
total in 19 ms
Config file changed: /Users/murali/Desktop/blog/cloudnativelabs.github.io/config.toml
Started building sites ...
Built site for language en:
0 draft content
0 future content
0 expired content
6 regular pages created
3 other pages created
0 non-page files copied
3 paginator pages created
0 tags created
0 categories created
total in 23 ms
Config file changed: /Users/murali/Desktop/blog/cloudnativelabs.github.io/config.toml
Started building sites ...
Built site for language en:
0 draft content
0 future content
0 expired content
6 regular pages created
3 other pages created
0 non-page files copied
3 paginator pages created
0 categories created
0 tags created
total in 25 ms
Config file changed: /Users/murali/Desktop/blog/cloudnativelabs.github.io/config.toml
Started building sites ...
Built site for language en:
0 draft content
0 future content
0 expired content
6 regular pages created
3 other pages created
0 non-page files copied
3 paginator pages created
0 tags created
0 categories created
total in 21 ms
Config file changed: /Users/murali/Desktop/blog/cloudnativelabs.github.io/config.toml
Started building sites ...
Built site for language en:
0 draft content
0 future content
0 expired content
6 regular pages created
3 other pages created
0 non-page files copied
3 paginator pages created
0 tags created
0 categories created
total in 19 ms
Config file changed: /Users/murali/Desktop/blog/cloudnativelabs.github.io/config.toml
Started building sites ...
Built site for language en:
0 draft content
0 future content
0 expired content
6 regular pages created
3 other pages created
0 non-page files copied
3 paginator pages created
0 tags created
0 categories created
total in 25 ms

Change detected, rebuilding site
2017-05-22 11:49 +0530
Source changed /Users/murali/Desktop/blog/cloudnativelabs.github.io/content/post/2017-05-10-kube-network-service-proxy.md
Built site for language en:
0 draft content
0 future content
0 expired content
6 regular pages created
3 other pages created
0 non-page files copied
3 paginator pages created
0 tags created
0 categories created
total in 9 ms

Change detected, rebuilding site
2017-05-22 11:50 +0530
Source changed /Users/murali/Desktop/blog/cloudnativelabs.github.io/content/post/2017-05-1-kube-network-policies.md
Built site for language en:
0 draft content
0 future content
0 expired content
6 regular pages created
3 other pages created
0 non-page files copied
3 paginator pages created
0 tags created
0 categories created
total in 8 ms

Change detected, rebuilding site
2017-05-22 11:50 +0530
Source changed /Users/murali/Desktop/blog/cloudnativelabs.github.io/content/post/2017-04-19-kube-router.md
Built site for language en:
0 draft content
0 future content
0 expired content
6 regular pages created
3 other pages created
0 non-page files copied
3 paginator pages created
0 tags created
0 categories created
total in 8 ms

Change detected, rebuilding site
2017-05-22 11:57 +0530
Source changed /Users/murali/Desktop/blog/cloudnativelabs.github.io/content/post/2017-05-17-kube-pod-networking.md
Built site for language en:
0 draft content
0 future content
0 expired content
6 regular pages created
3 other pages created
0 non-page files copied
3 paginator pages created
0 tags created
0 categories created
total in 8 ms

Change detected, rebuilding site
2017-05-22 11:58 +0530
Source changed /Users/murali/Desktop/blog/cloudnativelabs.github.io/content/post/2017-05-17-kube-pod-networking.md
Built site for language en:
0 draft content
0 future content
0 expired content
6 regular pages created
3 other pages created
0 non-page files copied
3 paginator pages created
0 tags created
0 categories created
total in 9 ms

Change detected, rebuilding site
2017-05-22 11:58 +0530
Source changed /Users/murali/Desktop/blog/cloudnativelabs.github.io/content/post/2017-05-17-kube-pod-networking.md
Built site for language en:
0 draft content
0 future content
0 expired content
6 regular pages created
3 other pages created
0 non-page files copied
3 paginator pages created
0 tags created
0 categories created
total in 7 ms

Change detected, rebuilding site
2017-05-22 12:05 +0530
Source changed /Users/murali/Desktop/blog/cloudnativelabs.github.io/content/post/2017-05-17-kube-pod-networking.md
Built site for language en:
0 draft content
0 future content
0 expired content
6 regular pages created
3 other pages created
0 non-page files copied
3 paginator pages created
0 tags created
0 categories created
total in 8 ms

Change detected, rebuilding site
2017-05-22 17:21 +0530
Source changed /Users/murali/Desktop/blog/cloudnativelabs.github.io/content/post/2017-05-17-kube-pod-networking.md
Built site for language en:
0 draft content
0 future content
0 expired content
6 regular pages created
3 other pages created
0 non-page files copied
3 paginator pages created
0 tags created
0 categories created
total in 8 ms

Change detected, rebuilding site
2017-05-22 17:24 +0530
Source changed /Users/murali/Desktop/blog/cloudnativelabs.github.io/content/post/2017-05-17-kube-pod-networking.md
Built site for language en:
0 draft content
0 future content
0 expired content
6 regular pages created
3 other pages created
0 non-page files copied
3 paginator pages created
0 tags created
0 categories created
total in 8 ms

Change detected, rebuilding site
2017-05-22 17:26 +0530
Source changed /Users/murali/Desktop/blog/cloudnativelabs.github.io/content/post/2017-05-17-kube-pod-networking.md
Built site for language en:
0 draft content
0 future content
0 expired content
6 regular pages created
3 other pages created
0 non-page files copied
3 paginator pages created
0 tags created
0 categories created
total in 8 ms

Change detected, rebuilding site
2017-05-22 17:26 +0530
Source changed /Users/murali/Desktop/blog/cloudnativelabs.github.io/content/post/2017-05-17-kube-pod-networking.md
Built site for language en:
0 draft content
0 future content
0 expired content
6 regular pages created
3 other pages created
0 non-page files copied
3 paginator pages created
0 tags created
0 categories created
total in 10 ms

Change detected, rebuilding site
2017-05-22 17:57 +0530
Source changed /Users/murali/Desktop/blog/cloudnativelabs.github.io/content/post/2017-05-17-kube-pod-networking.md
ERROR 2017/05/22 17:57:09 Error parsing page meta data for post/2017-05-17-kube-pod-networking.md
ERROR 2017/05/22 17:57:09 yaml: line 1: mapping values are not allowed in this context
ERROR 2017/05/22 17:57:09 yaml: line 1: mapping values are not allowed in this context
ERROR 2017/05/22 17:57:09 Errors reading pages: Error:yaml: line 1: mapping values are not allowed in this context for 2017-05-17-kube-pod-networking.md
Built site for language en:
0 draft content
0 future content
0 expired content
6 regular pages created
3 other pages created
0 non-page files copied
3 paginator pages created
0 tags created
0 categories created
total in 7 ms

Change detected, rebuilding site
2017-05-22 17:57 +0530
Source changed /Users/murali/Desktop/blog/cloudnativelabs.github.io/content/post/2017-05-17-kube-pod-networking.md
ERROR 2017/05/22 17:57:42 Error parsing page meta data for post/2017-05-17-kube-pod-networking.md
ERROR 2017/05/22 17:57:42 yaml: line 1: mapping values are not allowed in this context
ERROR 2017/05/22 17:57:42 yaml: line 1: mapping values are not allowed in this context
ERROR 2017/05/22 17:57:42 Errors reading pages: Error:yaml: line 1: mapping values are not allowed in this context for 2017-05-17-kube-pod-networking.md
Built site for language en:
0 draft content
0 future content
0 expired content
6 regular pages created
3 other pages created
0 non-page files copied
3 paginator pages created
0 categories created
0 tags created
total in 12 ms

Change detected, rebuilding site
2017-05-22 17:57 +0530
Source changed /Users/murali/Desktop/blog/cloudnativelabs.github.io/content/post/2017-05-17-kube-pod-networking.md
ERROR 2017/05/22 17:57:58 Error parsing page meta data for post/2017-05-17-kube-pod-networking.md
ERROR 2017/05/22 17:57:58 yaml: line 1: mapping values are not allowed in this context
ERROR 2017/05/22 17:57:58 yaml: line 1: mapping values are not allowed in this context
ERROR 2017/05/22 17:57:58 Errors reading pages: Error:yaml: line 1: mapping values are not allowed in this context for 2017-05-17-kube-pod-networking.md
Built site for language en:
0 draft content
0 future content
0 expired content
6 regular pages created
3 other pages created
0 non-page files copied
3 paginator pages created
0 tags created
0 categories created
total in 9 ms

Change detected, rebuilding site
2017-05-22 17:58 +0530
Source changed /Users/murali/Desktop/blog/cloudnativelabs.github.io/content/post/2017-05-17-kube-pod-networking.md
ERROR 2017/05/22 17:58:53 Error parsing page meta data for post/2017-05-17-kube-pod-networking.md
ERROR 2017/05/22 17:58:53 yaml: line 1: mapping values are not allowed in this context
ERROR 2017/05/22 17:58:53 yaml: line 1: mapping values are not allowed in this context
ERROR 2017/05/22 17:58:53 Errors reading pages: Error:yaml: line 1: mapping values are not allowed in this context for 2017-05-17-kube-pod-networking.md
Built site for language en:
0 draft content
0 future content
0 expired content
6 regular pages created
3 other pages created
0 non-page files copied
3 paginator pages created
0 categories created
0 tags created
total in 6 ms

Change detected, rebuilding site
2017-05-22 17:59 +0530
Source changed /Users/murali/Desktop/blog/cloudnativelabs.github.io/content/post/2017-05-17-kube-pod-networking.md
Built site for language en:
0 draft content
0 future content
0 expired content
6 regular pages created
3 other pages created
0 non-page files copied
3 paginator pages created
0 tags created
0 categories created
total in 10 ms

Change detected, rebuilding site
2017-05-22 17:59 +0530
Source changed /Users/murali/Desktop/blog/cloudnativelabs.github.io/content/post/2017-05-17-kube-pod-networking.md
Built site for language en:
0 draft content
0 future content
0 expired content
6 regular pages created
3 other pages created
0 non-page files copied
3 paginator pages created
0 tags created
0 categories created
total in 7 ms

Change detected, rebuilding site
2017-05-22 17:59 +0530
Source changed /Users/murali/Desktop/blog/cloudnativelabs.github.io/content/post/2017-05-17-kube-pod-networking.md
Built site for language en:
0 draft content
0 future content
0 expired content
6 regular pages created
3 other pages created
0 non-page files copied
3 paginator pages created
0 tags created
0 categories created
total in 10 ms

Change detected, rebuilding site
2017-05-22 18:04 +0530
Source changed /Users/murali/Desktop/blog/cloudnativelabs.github.io/content/post/2017-05-17-kube-pod-networking.md
Built site for language en:
0 draft content
0 future content
0 expired content
6 regular pages created
3 other pages created
0 non-page files copied
3 paginator pages created
0 tags created
0 categories created
total in 8 ms

Change detected, rebuilding site
2017-05-22 18:05 +0530
Source changed /Users/murali/Desktop/blog/cloudnativelabs.github.io/content/post/2017-05-17-kube-pod-networking.md
Built site for language en:
0 draft content
0 future content
0 expired content
6 regular pages created
3 other pages created
0 non-page files copied
3 paginator pages created
0 tags created
0 categories created
total in 12 ms

Change detected, rebuilding site
2017-05-22 18:11 +0530
Source changed /Users/murali/Desktop/blog/cloudnativelabs.github.io/content/post/2017-05-17-kube-pod-networking.md
Built site for language en:
0 draft content
0 future content
0 expired content
6 regular pages created
3 other pages created
0 non-page files copied
3 paginator pages created
0 tags created
0 categories created
total in 8 ms

Change detected, rebuilding site
2017-05-22 18:14 +0530
Source changed /Users/murali/Desktop/blog/cloudnativelabs.github.io/content/post/2017-05-17-kube-pod-networking.md
Built site for language en:
0 draft content
0 future content
0 expired content
6 regular pages created
3 other pages created
0 non-page files copied
3 paginator pages created
0 tags created
0 categories created
total in 9 ms

Change detected, rebuilding site
2017-05-22 18:31 +0530
Source changed /Users/murali/Desktop/blog/cloudnativelabs.github.io/content/post/2017-05-17-kube-pod-networking.md
Built site for language en:
0 draft content
0 future content
0 expired content
6 regular pages created
3 other pages created
0 non-page files copied
3 paginator pages created
0 tags created
0 categories created
total in 8 ms

Change detected, rebuilding site
2017-05-22 18:36 +0530
Source changed /Users/murali/Desktop/blog/cloudnativelabs.github.io/content/post/2017-05-17-kube-pod-networking.md
Built site for language en:
0 draft content
0 future content
0 expired content
6 regular pages created
3 other pages created
0 non-page files copied
3 paginator pages created
0 tags created
0 categories created
total in 8 ms

Change detected, rebuilding site
2017-05-22 18:36 +0530
Source changed /Users/murali/Desktop/blog/cloudnativelabs.github.io/content/post/2017-05-17-kube-pod-networking.md
Built site for language en:
0 draft content
0 future content
0 expired content
6 regular pages created
3 other pages created
0 non-page files copied
3 paginator pages created
0 tags created
0 categories created
total in 10 ms

Change detected, rebuilding site
2017-05-22 18:37 +0530
Source changed /Users/murali/Desktop/blog/cloudnativelabs.github.io/content/post/2017-05-17-kube-pod-networking.md
Built site for language en:
0 draft content
0 future content
0 expired content
6 regular pages created
3 other pages created
0 non-page files copied
3 paginator pages created
0 tags created
0 categories created
total in 5 ms

Change detected, rebuilding site
2017-05-22 18:37 +0530
Source changed /Users/murali/Desktop/blog/cloudnativelabs.github.io/content/post/2017-05-17-kube-pod-networking.md
Built site for language en:
0 draft content
0 future content
0 expired content
6 regular pages created
3 other pages created
0 non-page files copied
3 paginator pages created
0 categories created
0 tags created
total in 8 ms

Change detected, rebuilding site
2017-05-22 18:42 +0530
Source changed /Users/murali/Desktop/blog/cloudnativelabs.github.io/content/post/2017-05-17-kube-pod-networking.md
Built site for language en:
0 draft content
0 future content
0 expired content
6 regular pages created
3 other pages created
0 non-page files copied
3 paginator pages created
0 tags created
0 categories created
total in 8 ms

Change detected, rebuilding site
2017-05-22 18:42 +0530
Source changed /Users/murali/Desktop/blog/cloudnativelabs.github.io/content/post/2017-05-17-kube-pod-networking.md
Built site for language en:
0 draft content
0 future content
0 expired content
6 regular pages created
3 other pages created
0 non-page files copied
3 paginator pages created
0 tags created
0 categories created
total in 9 ms

Change detected, rebuilding site
2017-05-22 18:43 +0530
Source changed /Users/murali/Desktop/blog/cloudnativelabs.github.io/content/post/2017-05-17-kube-pod-networking.md
Built site for language en:
0 draft content
0 future content
0 expired content
6 regular pages created
3 other pages created
0 non-page files copied
3 paginator pages created
0 tags created
0 categories created
total in 5 ms

Change detected, rebuilding site
2017-05-22 18:44 +0530
Source changed /Users/murali/Desktop/blog/cloudnativelabs.github.io/content/post/2017-05-17-kube-pod-networking.md
Built site for language en:
0 draft content
0 future content
0 expired content
6 regular pages created
3 other pages created
0 non-page files copied
3 paginator pages created
0 tags created
0 categories created
total in 8 ms

Change detected, rebuilding site
2017-05-22 18:46 +0530
Source changed /Users/murali/Desktop/blog/cloudnativelabs.github.io/content/post/2017-05-17-kube-pod-networking.md
Built site for language en:
0 draft content
0 future content
0 expired content
6 regular pages created
3 other pages created
0 non-page files copied
3 paginator pages created
0 tags created
0 categories created
total in 8 ms

Change detected, rebuilding site
2017-05-22 18:48 +0530
Source changed /Users/murali/Desktop/blog/cloudnativelabs.github.io/content/post/2017-05-17-kube-pod-networking.md
Built site for language en:
0 draft content
0 future content
0 expired content
6 regular pages created
3 other pages created
0 non-page files copied
3 paginator pages created
0 tags created
0 categories created
total in 10 ms

Change detected, rebuilding site
2017-05-22 19:07 +0530
Source changed /Users/murali/Desktop/blog/cloudnativelabs.github.io/content/post/2017-05-17-kube-pod-networking.md
Built site for language en:
0 draft content
0 future content
0 expired content
6 regular pages created
3 other pages created
0 non-page files copied
3 paginator pages created
0 categories created
0 tags created
total in 8 ms

Change detected, rebuilding site
2017-05-22 19:08 +0530
Source changed /Users/murali/Desktop/blog/cloudnativelabs.github.io/content/post/2017-05-17-kube-pod-networking.md
Built site for language en:
0 draft content
0 future content
0 expired content
6 regular pages created
3 other pages created
0 non-page files copied
3 paginator pages created
0 tags created
0 categories created
total in 8 ms

Change detected, rebuilding site
2017-05-22 19:09 +0530
Source changed /Users/murali/Desktop/blog/cloudnativelabs.github.io/content/post/2017-05-17-kube-pod-networking.md
Built site for language en:
0 draft content
0 future content
0 expired content
6 regular pages created
3 other pages created
0 non-page files copied
3 paginator pages created
0 tags created
0 categories created
total in 12 ms

Change detected, rebuilding site
2017-05-22 19:36 +0530
Source changed /Users/murali/Desktop/blog/cloudnativelabs.github.io/content/post/2017-05-17-kube-pod-networking.md
Built site for language en:
0 draft content
0 future content
0 expired content
6 regular pages created
3 other pages created
0 non-page files copied
3 paginator pages created
0 tags created
0 categories created
total in 6 ms

Change detected, rebuilding site
2017-05-22 19:38 +0530
Source changed /Users/murali/Desktop/blog/cloudnativelabs.github.io/content/post/2017-05-17-kube-pod-networking.md
Built site for language en:
0 draft content
0 future content
0 expired content
6 regular pages created
3 other pages created
0 non-page files copied
3 paginator pages created
0 tags created
0 categories created
total in 8 ms

Change detected, rebuilding site
2017-05-22 19:39 +0530
Source changed /Users/murali/Desktop/blog/cloudnativelabs.github.io/content/post/2017-05-17-kube-pod-networking.md
Built site for language en:
0 draft content
0 future content
0 expired content
6 regular pages created
3 other pages created
0 non-page files copied
3 paginator pages created
0 tags created
0 categories created
total in 9 ms

Change detected, rebuilding site
2017-05-22 19:40 +0530
Source changed /Users/murali/Desktop/blog/cloudnativelabs.github.io/content/post/2017-05-17-kube-pod-networking.md
Built site for language en:
0 draft content
0 future content
0 expired content
6 regular pages created
3 other pages created
0 non-page files copied
3 paginator pages created
0 categories created
0 tags created
total in 10 ms

Change detected, rebuilding site
2017-05-22 19:41 +0530
Source changed /Users/murali/Desktop/blog/cloudnativelabs.github.io/content/post/2017-05-17-kube-pod-networking.md
Built site for language en:
0 draft content
0 future content
0 expired content
6 regular pages created
3 other pages created
0 non-page files copied
3 paginator pages created
0 tags created
0 categories created
total in 8 ms

Change detected, rebuilding site
2017-05-22 19:42 +0530
Source changed /Users/murali/Desktop/blog/cloudnativelabs.github.io/content/post/2017-05-17-kube-pod-networking.md
Built site for language en:
0 draft content
0 future content
0 expired content
6 regular pages created
3 other pages created
0 non-page files copied
3 paginator pages created
0 tags created
0 categories created
total in 12 ms

Change detected, rebuilding site
2017-05-22 19:51 +0530
Source changed /Users/murali/Desktop/blog/cloudnativelabs.github.io/content/post/2017-05-17-kube-pod-networking.md
Built site for language en:
0 draft content
0 future content
0 expired content
6 regular pages created
3 other pages created
0 non-page files copied
3 paginator pages created
0 tags created
0 categories created
total in 8 ms

Change detected, rebuilding site
2017-05-22 19:54 +0530
Source changed /Users/murali/Desktop/blog/cloudnativelabs.github.io/content/post/2017-05-17-kube-pod-networking.md
Built site for language en:
0 draft content
0 future content
0 expired content
6 regular pages created
3 other pages created
0 non-page files copied
3 paginator pages created
0 tags created
0 categories created
total in 8 ms

Change detected, rebuilding site
2017-05-22 19:55 +0530
Source changed /Users/murali/Desktop/blog/cloudnativelabs.github.io/content/post/2017-05-17-kube-pod-networking.md
Built site for language en:
0 draft content
0 future content
0 expired content
6 regular pages created
3 other pages created
0 non-page files copied
3 paginator pages created
0 tags created
0 categories created
total in 7 ms

Change detected, rebuilding site
2017-05-22 19:56 +0530
Source changed /Users/murali/Desktop/blog/cloudnativelabs.github.io/content/post/2017-05-17-kube-pod-networking.md
Built site for language en:
0 draft content
0 future content
0 expired content
6 regular pages created
3 other pages created
0 non-page files copied
3 paginator pages created
0 tags created
0 categories created
total in 8 ms

Change detected, rebuilding site
2017-05-22 19:57 +0530
Source changed /Users/murali/Desktop/blog/cloudnativelabs.github.io/content/post/2017-05-17-kube-pod-networking.md
Built site for language en:
0 draft content
0 future content
0 expired content
6 regular pages created
3 other pages created
0 non-page files copied
3 paginator pages created
0 tags created
0 categories created
total in 6 ms

Change detected, rebuilding site
2017-05-22 19:59 +0530
Source changed /Users/murali/Desktop/blog/cloudnativelabs.github.io/content/post/2017-05-17-kube-pod-networking.md
Built site for language en:
0 draft content
0 future content
0 expired content
6 regular pages created
3 other pages created
0 non-page files copied
3 paginator pages created
0 tags created
0 categories created
total in 10 ms

Change detected, rebuilding site
2017-05-22 20:06 +0530
Source changed /Users/murali/Desktop/blog/cloudnativelabs.github.io/content/post/2017-05-17-kube-pod-networking.md
Built site for language en:
0 draft content
0 future content
0 expired content
6 regular pages created
3 other pages created
0 non-page files copied
3 paginator pages created
0 tags created
0 categories created
total in 7 ms

Change detected, rebuilding site
2017-05-22 20:07 +0530
Source changed /Users/murali/Desktop/blog/cloudnativelabs.github.io/content/post/2017-05-17-kube-pod-networking.md
Built site for language en:
0 draft content
0 future content
0 expired content
6 regular pages created
3 other pages created
0 non-page files copied
3 paginator pages created
0 tags created
0 categories created
total in 11 ms

Change detected, rebuilding site
2017-05-22 20:09 +0530
Source changed /Users/murali/Desktop/blog/cloudnativelabs.github.io/content/post/2017-05-17-kube-pod-networking.md
Built site for language en:
0 draft content
0 future content
0 expired content
6 regular pages created
3 other pages created
0 non-page files copied
3 paginator pages created
0 categories created
0 tags created
total in 8 ms

Change detected, rebuilding site
2017-05-22 20:11 +0530
Source changed /Users/murali/Desktop/blog/cloudnativelabs.github.io/content/post/2017-05-17-kube-pod-networking.md
Built site for language en:
0 draft content
0 future content
0 expired content
6 regular pages created
3 other pages created
0 non-page files copied
3 paginator pages created
0 tags created
0 categories created
total in 6 ms

Change detected, rebuilding site
2017-05-22 20:14 +0530
Source changed /Users/murali/Desktop/blog/cloudnativelabs.github.io/content/post/2017-05-17-kube-pod-networking.md
Built site for language en:
0 draft content
0 future content
0 expired content
6 regular pages created
3 other pages created
0 non-page files copied
3 paginator pages created
0 tags created
0 categories created
total in 8 ms

Change detected, rebuilding site
2017-05-22 20:16 +0530
Source changed /Users/murali/Desktop/blog/cloudnativelabs.github.io/content/post/2017-05-17-kube-pod-networking.md
Built site for language en:
0 draft content
0 future content
0 expired content
6 regular pages created
3 other pages created
0 non-page files copied
3 paginator pages created
0 tags created
0 categories created
total in 8 ms

Change detected, rebuilding site
2017-05-22 20:17 +0530
Source changed /Users/murali/Desktop/blog/cloudnativelabs.github.io/content/post/2017-05-17-kube-pod-networking.md
Built site for language en:
0 draft content
0 future content
0 expired content
6 regular pages created
3 other pages created
0 non-page files copied
3 paginator pages created
0 tags created
0 categories created
total in 11 ms

Change detected, rebuilding site
2017-05-22 20:18 +0530
Source changed /Users/murali/Desktop/blog/cloudnativelabs.github.io/content/post/2017-05-17-kube-pod-networking.md
Built site for language en:
0 draft content
0 future content
0 expired content
6 regular pages created
3 other pages created
0 non-page files copied
3 paginator pages created
0 tags created
0 categories created
total in 8 ms

Change detected, rebuilding site
2017-05-22 20:21 +0530
Source changed /Users/murali/Desktop/blog/cloudnativelabs.github.io/content/post/2017-05-17-kube-pod-networking.md
Built site for language en:
0 draft content
0 future content
0 expired content
6 regular pages created
3 other pages created
0 non-page files copied
3 paginator pages created
0 tags created
0 categories created
total in 8 ms

Change detected, rebuilding site
2017-05-22 20:24 +0530
Source changed /Users/murali/Desktop/blog/cloudnativelabs.github.io/content/post/2017-05-17-kube-pod-networking.md
Built site for language en:
0 draft content
0 future content
0 expired content
6 regular pages created
3 other pages created
0 non-page files copied
3 paginator pages created
0 categories created
0 tags created
total in 8 ms

Change detected, rebuilding site
2017-05-22 20:33 +0530
Source changed /Users/murali/Desktop/blog/cloudnativelabs.github.io/content/post/2017-05-17-kube-pod-networking.md
Built site for language en:
0 draft content
0 future content
0 expired content
6 regular pages created
3 other pages created
0 non-page files copied
3 paginator pages created
0 tags created
0 categories created
total in 8 ms

Change detected, rebuilding site
2017-05-22 20:34 +0530
Source changed /Users/murali/Desktop/blog/cloudnativelabs.github.io/content/post/2017-05-17-kube-pod-networking.md
Built site for language en:
0 draft content
0 future content
0 expired content
6 regular pages created
3 other pages created
0 non-page files copied
3 paginator pages created
0 tags created
0 categories created
total in 7 ms

Change detected, rebuilding site
2017-05-22 20:36 +0530
Source changed /Users/murali/Desktop/blog/cloudnativelabs.github.io/content/post/2017-05-17-kube-pod-networking.md
Built site for language en:
0 draft content
0 future content
0 expired content
6 regular pages created
3 other pages created
0 non-page files copied
3 paginator pages created
0 categories created
0 tags created
total in 8 ms

Change detected, rebuilding site
2017-05-22 20:41 +0530
Source changed /Users/murali/Desktop/blog/cloudnativelabs.github.io/content/post/2017-05-17-kube-pod-networking.md
Built site for language en:
0 draft content
0 future content
0 expired content
6 regular pages created
3 other pages created
0 non-page files copied
3 paginator pages created
0 categories created
0 tags created
total in 7 ms

Change detected, rebuilding site
2017-05-22 20:42 +0530
Source changed /Users/murali/Desktop/blog/cloudnativelabs.github.io/content/post/2017-05-17-kube-pod-networking.md
Built site for language en:
0 draft content
0 future content
0 expired content
6 regular pages created
3 other pages created
0 non-page files copied
3 paginator pages created
0 tags created
0 categories created
total in 8 ms

Change detected, rebuilding site
2017-05-22 20:44 +0530
Source changed /Users/murali/Desktop/blog/cloudnativelabs.github.io/content/post/2017-05-22-kube-pod-networking.md
Source changed /Users/murali/Desktop/blog/cloudnativelabs.github.io/content/post/2017-05-17-kube-pod-networking.md
Built site for language en:
0 draft content
0 future content
0 expired content
6 regular pages created
3 other pages created
0 non-page files copied
3 paginator pages created
0 tags created
0 categories created
total in 7 ms
